<?xml version="1.0" encoding="UTF-8"?>
<testsuite name="TestSuite" time="14.264" tests="2" errors="0" skipped="0" failures="1">
  <properties>
[...]
</properties>
  <testcase name="subTaskCRUD" classname="SimpleTest" time="8.58">
    <failure message="expected [true] but found [false]" type="java.lang.AssertionError">java.lang.AssertionError: expected [true] but found [false]
	at org.testng.Assert.fail(Assert.java:94)
	at org.testng.Assert.failNotEquals(Assert.java:513)
	at org.testng.Assert.assertEqualsImpl(Assert.java:135)
	at org.testng.Assert.assertEquals(Assert.java:116)
	at org.testng.Assert.assertEquals(Assert.java:305)
	at org.testng.Assert.assertEquals(Assert.java:315)
	at SimpleTest.subTaskCRUD(SimpleTest.java:38)
</failure>
    <system-out><![CDATA[2017-05-29 12:28:47 INFO  ListenerTest:23 - TEST: subTaskCRUD STARTED on browserName=firefox
2017-05-29 12:28:47 INFO  ListenerTest:73 - IMPLICIT WAIT WAS CHANGED TO: 30
2017-05-29 12:28:47 INFO  BasePage:22 - OPENING URL: http://soft.it-hillel.com.ua:8080/login.jsp
2017-05-29 12:28:50 INFO  BasePage:157 - IS ON THE PAGE: http://soft.it-hillel.com.ua:8080/login.jsp
2017-05-29 12:28:50 INFO  BasePage:67 - WAIT ELEMENT TO BE PRESENT AND SEND KEYS: By.id: login-form-username
2017-05-29 12:28:50 INFO  BasePage:67 - WAIT ELEMENT TO BE PRESENT AND SEND KEYS: By.id: login-form-password
2017-05-29 12:28:50 INFO  BasePage:84 - WAIT ELEMENT TO BE PRESENT AND SUBMIT: By.id: login-form-submit
2017-05-29 12:28:51 INFO  BasePage:159 - YOU ARE NOT ON THE PAGE: http://soft.it-hillel.com.ua:8080/secure/Dashboard.jspa
2017-05-29 12:28:51 INFO  BasePage:160 - YOU ARE ON THE PAGE: http://soft.it-hillel.com.ua:8080/login.jsp
]]></system-out>
    <system-err><![CDATA[мая 29, 2017 12:28:47 PM org.openqa.selenium.remote.ProtocolHandshake createSession
INFO: Detected dialect: OSS
]]></system-err>
  </testcase>
  <testcase name="subTaskCommentCRUD" classname="SimpleTest" time="5.684"/>
</testsuite>