<?xml version="1.0" encoding="UTF-8"?>
<!-- Generated by org.testng.reporters.JUnitXMLReporter -->
<testsuite hostname="DESKTOP-ALG8DUA" ignored="0" tests="2" failures="1" timestamp="29 мая 2017 09:28:57 GMT" time="14.273" errors="0">
  <testcase name="subTaskCRUD" time="8.574" classname="SimpleTest">
    <failure type="java.lang.AssertionError" message="expected [true] but found [false]">
      <![CDATA[java.lang.AssertionError: expected [true] but found [false]
	at utils.ListenerTest.onTestFailure(ListenerTest.java:45)
	at java.util.concurrent.FutureTask.run(FutureTask.java:266)
	at java.util.concurrent.ThreadPoolExecutor.runWorker(ThreadPoolExecutor.java:1142)
	at java.util.concurrent.ThreadPoolExecutor$Worker.run(ThreadPoolExecutor.java:617)
	at java.lang.Thread.run(Thread.java:745)
... Removed 13 stack frames]]>
    </failure>
  </testcase> <!-- subTaskCRUD -->
  <testcase name="subTaskCommentCRUD" time="5.683" classname="SimpleTest"/>
</testsuite>
